2024-01-22 00:46:54.923  WARN Maryams-MacBook-Air-2.local --- [l-1 housekeeper] c.z.h.p.HikariPool                       : HikariPool-1 - Thread starvation or clock leap detected (housekeeper delta=1h4m55s268ms).
2024-01-22 01:52:37.149  WARN Maryams-MacBook-Air-2.local --- [l-1 housekeeper] c.z.h.p.HikariPool                       : HikariPool-1 - Thread starvation or clock leap detected (housekeeper delta=1h5m42s225ms).
2024-01-22 03:17:41.353  WARN Maryams-MacBook-Air-2.local --- [l-1 housekeeper] c.z.h.p.HikariPool                       : HikariPool-1 - Thread starvation or clock leap detected (housekeeper delta=1h25m4s205ms).
2024-01-22 04:27:37.489  WARN Maryams-MacBook-Air-2.local --- [l-1 housekeeper] c.z.h.p.HikariPool                       : HikariPool-1 - Thread starvation or clock leap detected (housekeeper delta=1h9m56s136ms).
2024-01-22 05:30:20.577  WARN Maryams-MacBook-Air-2.local --- [l-1 housekeeper] c.z.h.p.HikariPool                       : HikariPool-1 - Thread starvation or clock leap detected (housekeeper delta=1h2m43s88ms).
2024-01-22 06:23:32.343  WARN Maryams-MacBook-Air-2.local --- [l-1 housekeeper] c.z.h.p.HikariPool                       : HikariPool-1 - Thread starvation or clock leap detected (housekeeper delta=53m11s765ms).
2024-01-22 07:09:30.316  WARN Maryams-MacBook-Air-2.local --- [l-1 housekeeper] c.z.h.p.HikariPool                       : HikariPool-1 - Thread starvation or clock leap detected (housekeeper delta=45m57s973ms).
2024-01-22 08:07:36.436  WARN Maryams-MacBook-Air-2.local --- [l-1 housekeeper] c.z.h.p.HikariPool                       : HikariPool-1 - Thread starvation or clock leap detected (housekeeper delta=58m6s120ms).
2024-01-22 08:09:53.203  WARN Maryams-MacBook-Air-2.local --- [l-1 housekeeper] c.z.h.p.HikariPool                       : HikariPool-1 - Thread starvation or clock leap detected (housekeeper delta=2m16s768ms).
2024-01-22 08:28:20.517  WARN Maryams-MacBook-Air-2.local --- [l-1 housekeeper] c.z.h.p.HikariPool                       : HikariPool-1 - Thread starvation or clock leap detected (housekeeper delta=18m27s315ms).
2024-01-22 08:37:47.744  INFO Maryams-MacBook-Air-2.local --- [kground-preinit] o.h.v.i.u.Version                        : HV000001: Hibernate Validator 8.0.0.Final
2024-01-22 08:37:47.764  INFO Maryams-MacBook-Air-2.local --- [           main] a.u.a.AccountApplication                 : Starting AccountApplication using Java 17.0.8 with PID 20719 (/Users/maryamnasrullayeva/Downloads/account-service/target/classes started by maryamnasrullayeva in /Users/maryamnasrullayeva/Downloads/account-service)
2024-01-22 08:37:47.766  INFO Maryams-MacBook-Air-2.local --- [           main] a.u.a.AccountApplication                 : No active profile set, falling back to 1 default profile: "default"
2024-01-22 08:37:48.137  INFO Maryams-MacBook-Air-2.local --- [           main] .s.d.r.c.RepositoryConfigurationDelegate : Bootstrapping Spring Data JPA repositories in DEFAULT mode.
2024-01-22 08:37:48.169  INFO Maryams-MacBook-Air-2.local --- [           main] .s.d.r.c.RepositoryConfigurationDelegate : Finished Spring Data repository scanning in 28 ms. Found 2 JPA repository interfaces.
2024-01-22 08:37:48.514  INFO Maryams-MacBook-Air-2.local --- [           main] o.s.b.w.e.t.TomcatWebServer              : Tomcat initialized with port(s): 8082 (http)
2024-01-22 08:37:48.519  INFO Maryams-MacBook-Air-2.local --- [           main] o.a.c.h.Http11NioProtocol                : Initializing ProtocolHandler ["http-nio-8082"]
2024-01-22 08:37:48.519  INFO Maryams-MacBook-Air-2.local --- [           main] o.a.c.c.StandardService                  : Starting service [Tomcat]
2024-01-22 08:37:48.519  INFO Maryams-MacBook-Air-2.local --- [           main] o.a.c.c.StandardEngine                   : Starting Servlet engine: [Apache Tomcat/10.1.1]
2024-01-22 08:37:48.562  INFO Maryams-MacBook-Air-2.local --- [           main] o.a.c.c.C.[.[.[/]                        : Initializing Spring embedded WebApplicationContext
2024-01-22 08:37:48.562  INFO Maryams-MacBook-Air-2.local --- [           main] w.s.c.ServletWebServerApplicationContext : Root WebApplicationContext: initialization completed in 772 ms
2024-01-22 08:37:48.665  WARN Maryams-MacBook-Air-2.local --- [           main] JpaBaseConfiguration$JpaWebConfiguration : spring.jpa.open-in-view is enabled by default. Therefore, database queries may be performed during view rendering. Explicitly configure spring.jpa.open-in-view to disable this warning
2024-01-22 08:37:48.703  INFO Maryams-MacBook-Air-2.local --- [           main] c.z.h.HikariDataSource                   : HikariPool-1 - Starting...
2024-01-22 08:37:48.810  INFO Maryams-MacBook-Air-2.local --- [           main] c.z.h.p.HikariPool                       : HikariPool-1 - Added connection org.postgresql.jdbc.PgConnection@46ab4efc
2024-01-22 08:37:48.811  INFO Maryams-MacBook-Air-2.local --- [           main] c.z.h.HikariDataSource                   : HikariPool-1 - Start completed.
2024-01-22 08:37:49.116  INFO Maryams-MacBook-Air-2.local --- [ionShutdownHook] j.LocalContainerEntityManagerFactoryBean : Closing JPA EntityManagerFactory for persistence unit 'default'
2024-01-22 08:37:49.135  INFO Maryams-MacBook-Air-2.local --- [ionShutdownHook] c.z.h.HikariDataSource                   : HikariPool-1 - Shutdown initiated...
2024-01-22 08:37:49.139  INFO Maryams-MacBook-Air-2.local --- [ionShutdownHook] c.z.h.HikariDataSource                   : HikariPool-1 - Shutdown completed.
2024-01-22 08:37:49.234  INFO Maryams-MacBook-Air-2.local --- [           main] l.lockservice                            : Successfully acquired change log lock
2024-01-22 08:37:49.301  INFO Maryams-MacBook-Air-2.local --- [           main] l.changelog                              : Reading resource: db/changelog/v-0.1/001-init-db.xml
2024-01-22 08:37:49.429  INFO Maryams-MacBook-Air-2.local --- [           main] l.changelog                              : Reading from account.databasechangelog
2024-01-22 08:37:49.472  INFO Maryams-MacBook-Air-2.local --- [           main] l.lockservice                            : Successfully released change log lock
2024-01-22 08:37:49.509  INFO Maryams-MacBook-Air-2.local --- [           main] o.h.j.i.u.LogHelper                      : HHH000204: Processing PersistenceUnitInfo [name: default]
2024-01-22 08:37:49.533  INFO Maryams-MacBook-Air-2.local --- [           main] o.h.Version                              : HHH000412: Hibernate ORM core version 6.1.6.Final
2024-01-22 08:37:49.596  WARN Maryams-MacBook-Air-2.local --- [           main] o.h.o.deprecation                        : HHH90000021: Encountered deprecated setting [javax.persistence.sharedCache.mode], use [jakarta.persistence.sharedCache.mode] instead
2024-01-22 08:37:49.643  INFO Maryams-MacBook-Air-2.local --- [           main] SQL dialect                              : HHH000400: Using dialect: org.hibernate.dialect.PostgreSQLDialect
2024-01-22 08:37:49.985  INFO Maryams-MacBook-Air-2.local --- [           main] o.h.e.t.j.p.i.JtaPlatformInitiator       : HHH000490: Using JtaPlatform implementation: [org.hibernate.engine.transaction.jta.platform.internal.NoJtaPlatform]
2024-01-22 08:37:49.989  INFO Maryams-MacBook-Air-2.local --- [           main] j.LocalContainerEntityManagerFactoryBean : Initialized JPA EntityManagerFactory for persistence unit 'default'
2024-01-22 08:37:51.281  INFO Maryams-MacBook-Air-2.local --- [           main] o.s.s.w.DefaultSecurityFilterChain       : Will secure any request with [org.springframework.security.web.session.DisableEncodeUrlFilter@11885841, org.springframework.security.web.context.request.async.WebAsyncManagerIntegrationFilter@24d998ba, org.springframework.security.web.context.SecurityContextHolderFilter@23c3f787, org.springframework.security.web.header.HeaderWriterFilter@1f6c0e8a, org.springframework.web.filter.CorsFilter@1cb7f2fe, org.springframework.security.web.authentication.logout.LogoutFilter@57b4fc1e, az.unitech.app.filter.JwtFilter@7236213e, org.springframework.security.web.savedrequest.RequestCacheAwareFilter@776ae580, org.springframework.security.web.servletapi.SecurityContextHolderAwareRequestFilter@6b0bcea5, org.springframework.security.web.authentication.AnonymousAuthenticationFilter@3f514364, org.springframework.security.web.session.SessionManagementFilter@1f9009d3, org.springframework.security.web.access.ExceptionTranslationFilter@299022a9, org.springframework.security.web.access.intercept.AuthorizationFilter@3b30409]
2024-01-22 08:37:51.286  WARN Maryams-MacBook-Air-2.local --- [           main] o.s.s.c.a.w.b.WebSecurity                : You are asking Spring Security to ignore Mvc [pattern='/swagger-ui/**']. This is not recommended -- please use permitAll via HttpSecurity#authorizeHttpRequests instead.
2024-01-22 08:37:51.286  INFO Maryams-MacBook-Air-2.local --- [           main] o.s.s.w.DefaultSecurityFilterChain       : Will not secure Mvc [pattern='/swagger-ui/**']
2024-01-22 08:37:51.286  WARN Maryams-MacBook-Air-2.local --- [           main] o.s.s.c.a.w.b.WebSecurity                : You are asking Spring Security to ignore Mvc [pattern='/v1/api-docs/**']. This is not recommended -- please use permitAll via HttpSecurity#authorizeHttpRequests instead.
2024-01-22 08:37:51.286  INFO Maryams-MacBook-Air-2.local --- [           main] o.s.s.w.DefaultSecurityFilterChain       : Will not secure Mvc [pattern='/v1/api-docs/**']
2024-01-22 08:37:51.428  INFO Maryams-MacBook-Air-2.local --- [           main] o.s.b.w.e.t.TomcatWebServer              : Tomcat started on port(s): 8082 (http) with context path ''
2024-01-22 08:37:51.433  INFO Maryams-MacBook-Air-2.local --- [           main] a.u.a.AccountApplication                 : Started AccountApplication in 3.88 seconds (process running for 4.262)
2024-01-22 08:37:51.444  INFO Maryams-MacBook-Air-2.local --- [ionShutdownHook] j.LocalContainerEntityManagerFactoryBean : Closing JPA EntityManagerFactory for persistence unit 'default'
2024-01-22 08:37:51.445  INFO Maryams-MacBook-Air-2.local --- [ionShutdownHook] c.z.h.HikariDataSource                   : HikariPool-1 - Shutdown initiated...
2024-01-22 08:37:51.446  INFO Maryams-MacBook-Air-2.local --- [ionShutdownHook] c.z.h.HikariDataSource                   : HikariPool-1 - Shutdown completed.
2024-01-22 08:37:52.174  INFO Maryams-MacBook-Air-2.local --- [kground-preinit] o.h.v.i.u.Version                        : HV000001: Hibernate Validator 8.0.0.Final
2024-01-22 08:37:52.190  INFO Maryams-MacBook-Air-2.local --- [           main] a.u.a.AccountApplication                 : Starting AccountApplication using Java 17.0.8 with PID 20773 (/Users/maryamnasrullayeva/Downloads/account-service/target/classes started by maryamnasrullayeva in /Users/maryamnasrullayeva/Downloads/account-service)
2024-01-22 08:37:52.191  INFO Maryams-MacBook-Air-2.local --- [           main] a.u.a.AccountApplication                 : No active profile set, falling back to 1 default profile: "default"
2024-01-22 08:37:52.486  INFO Maryams-MacBook-Air-2.local --- [           main] .s.d.r.c.RepositoryConfigurationDelegate : Bootstrapping Spring Data JPA repositories in DEFAULT mode.
2024-01-22 08:37:52.513  INFO Maryams-MacBook-Air-2.local --- [           main] .s.d.r.c.RepositoryConfigurationDelegate : Finished Spring Data repository scanning in 25 ms. Found 2 JPA repository interfaces.
2024-01-22 08:37:52.829  INFO Maryams-MacBook-Air-2.local --- [           main] o.s.b.w.e.t.TomcatWebServer              : Tomcat initialized with port(s): 8082 (http)
2024-01-22 08:37:52.833  INFO Maryams-MacBook-Air-2.local --- [           main] o.a.c.h.Http11NioProtocol                : Initializing ProtocolHandler ["http-nio-8082"]
2024-01-22 08:37:52.833  INFO Maryams-MacBook-Air-2.local --- [           main] o.a.c.c.StandardService                  : Starting service [Tomcat]
2024-01-22 08:37:52.833  INFO Maryams-MacBook-Air-2.local --- [           main] o.a.c.c.StandardEngine                   : Starting Servlet engine: [Apache Tomcat/10.1.1]
2024-01-22 08:37:52.871  INFO Maryams-MacBook-Air-2.local --- [           main] o.a.c.c.C.[.[.[/]                        : Initializing Spring embedded WebApplicationContext
2024-01-22 08:37:52.872  INFO Maryams-MacBook-Air-2.local --- [           main] w.s.c.ServletWebServerApplicationContext : Root WebApplicationContext: initialization completed in 659 ms
2024-01-22 08:37:52.951  WARN Maryams-MacBook-Air-2.local --- [           main] JpaBaseConfiguration$JpaWebConfiguration : spring.jpa.open-in-view is enabled by default. Therefore, database queries may be performed during view rendering. Explicitly configure spring.jpa.open-in-view to disable this warning
2024-01-22 08:37:52.984  INFO Maryams-MacBook-Air-2.local --- [           main] c.z.h.HikariDataSource                   : HikariPool-1 - Starting...
2024-01-22 08:37:53.059  INFO Maryams-MacBook-Air-2.local --- [           main] c.z.h.p.HikariPool                       : HikariPool-1 - Added connection org.postgresql.jdbc.PgConnection@7534785a
2024-01-22 08:37:53.059  INFO Maryams-MacBook-Air-2.local --- [           main] c.z.h.HikariDataSource                   : HikariPool-1 - Start completed.
2024-01-22 08:37:53.147  INFO Maryams-MacBook-Air-2.local --- [           main] l.lockservice                            : Successfully acquired change log lock
2024-01-22 08:37:53.207  INFO Maryams-MacBook-Air-2.local --- [           main] l.changelog                              : Reading resource: db/changelog/v-0.1/001-init-db.xml
2024-01-22 08:37:53.338  INFO Maryams-MacBook-Air-2.local --- [           main] l.changelog                              : Reading from account.databasechangelog
2024-01-22 08:37:53.367  INFO Maryams-MacBook-Air-2.local --- [           main] l.lockservice                            : Successfully released change log lock
2024-01-22 08:37:53.408  INFO Maryams-MacBook-Air-2.local --- [           main] o.h.j.i.u.LogHelper                      : HHH000204: Processing PersistenceUnitInfo [name: default]
2024-01-22 08:37:53.425  INFO Maryams-MacBook-Air-2.local --- [           main] o.h.Version                              : HHH000412: Hibernate ORM core version 6.1.6.Final
2024-01-22 08:37:53.478  WARN Maryams-MacBook-Air-2.local --- [           main] o.h.o.deprecation                        : HHH90000021: Encountered deprecated setting [javax.persistence.sharedCache.mode], use [jakarta.persistence.sharedCache.mode] instead
2024-01-22 08:37:53.518  INFO Maryams-MacBook-Air-2.local --- [           main] SQL dialect                              : HHH000400: Using dialect: org.hibernate.dialect.PostgreSQLDialect
2024-01-22 08:37:53.790  INFO Maryams-MacBook-Air-2.local --- [           main] o.h.e.t.j.p.i.JtaPlatformInitiator       : HHH000490: Using JtaPlatform implementation: [org.hibernate.engine.transaction.jta.platform.internal.NoJtaPlatform]
2024-01-22 08:37:53.793  INFO Maryams-MacBook-Air-2.local --- [           main] j.LocalContainerEntityManagerFactoryBean : Initialized JPA EntityManagerFactory for persistence unit 'default'
2024-01-22 08:37:54.673  INFO Maryams-MacBook-Air-2.local --- [           main] o.s.s.w.DefaultSecurityFilterChain       : Will secure any request with [org.springframework.security.web.session.DisableEncodeUrlFilter@3b30409, org.springframework.security.web.context.request.async.WebAsyncManagerIntegrationFilter@79c9f619, org.springframework.security.web.context.SecurityContextHolderFilter@4c9ed40, org.springframework.security.web.header.HeaderWriterFilter@7dfbdcfe, org.springframework.web.filter.CorsFilter@20843604, org.springframework.security.web.authentication.logout.LogoutFilter@6d5376b7, az.unitech.app.filter.JwtFilter@4b8ac512, org.springframework.security.web.savedrequest.RequestCacheAwareFilter@23c3f787, org.springframework.security.web.servletapi.SecurityContextHolderAwareRequestFilter@3c82bcbd, org.springframework.security.web.authentication.AnonymousAuthenticationFilter@11885841, org.springframework.security.web.session.SessionManagementFilter@319c77de, org.springframework.security.web.access.ExceptionTranslationFilter@113a7d12, org.springframework.security.web.access.intercept.AuthorizationFilter@1aae50f9]
2024-01-22 08:37:54.677  WARN Maryams-MacBook-Air-2.local --- [           main] o.s.s.c.a.w.b.WebSecurity                : You are asking Spring Security to ignore Mvc [pattern='/swagger-ui/**']. This is not recommended -- please use permitAll via HttpSecurity#authorizeHttpRequests instead.
2024-01-22 08:37:54.677  INFO Maryams-MacBook-Air-2.local --- [           main] o.s.s.w.DefaultSecurityFilterChain       : Will not secure Mvc [pattern='/swagger-ui/**']
2024-01-22 08:37:54.677  WARN Maryams-MacBook-Air-2.local --- [           main] o.s.s.c.a.w.b.WebSecurity                : You are asking Spring Security to ignore Mvc [pattern='/v1/api-docs/**']. This is not recommended -- please use permitAll via HttpSecurity#authorizeHttpRequests instead.
2024-01-22 08:37:54.677  INFO Maryams-MacBook-Air-2.local --- [           main] o.s.s.w.DefaultSecurityFilterChain       : Will not secure Mvc [pattern='/v1/api-docs/**']
2024-01-22 08:37:54.799  INFO Maryams-MacBook-Air-2.local --- [           main] o.a.c.h.Http11NioProtocol                : Starting ProtocolHandler ["http-nio-8082"]
2024-01-22 08:37:54.808  INFO Maryams-MacBook-Air-2.local --- [           main] o.s.b.w.e.t.TomcatWebServer              : Tomcat started on port(s): 8082 (http) with context path ''
2024-01-22 08:37:54.812  INFO Maryams-MacBook-Air-2.local --- [           main] a.u.a.AccountApplication                 : Started AccountApplication in 2.776 seconds (process running for 3.021)
2024-01-22 08:38:07.401  INFO Maryams-MacBook-Air-2.local --- [nio-8082-exec-1] o.a.c.c.C.[.[.[/]                        : Initializing Spring DispatcherServlet 'dispatcherServlet'
2024-01-22 08:38:07.402  INFO Maryams-MacBook-Air-2.local --- [nio-8082-exec-1] o.s.w.s.DispatcherServlet                : Initializing Servlet 'dispatcherServlet'
2024-01-22 08:38:07.405  INFO Maryams-MacBook-Air-2.local --- [nio-8082-exec-1] o.s.w.s.DispatcherServlet                : Completed initialization in 3 ms
2024-01-22 08:38:07.594 ERROR Maryams-MacBook-Air-2.local --- [nio-8082-exec-7] a.u.a.l.RestControllerAspectConfig       : Error while converting -> No serializer found for class java.util.Collections$3 and no properties discovered to create BeanSerializer (to avoid exception, disable SerializationFeature.FAIL_ON_EMPTY_BEANS) (through reference chain: java.util.HashMap["request"]->org.springframework.security.web.servletapi.HttpServlet3RequestFactory$Servlet3SecurityContextHolderAwareRequestWrapper["request"]->org.springframework.security.web.header.HeaderWriterFilter$HeaderWriterRequest["request"]->org.springframework.security.web.firewall.StrictHttpFirewall$StrictFirewalledRequest["request"]->org.apache.catalina.connector.RequestFacade["attributeNames"])
2024-01-22 08:38:07.615 ERROR Maryams-MacBook-Air-2.local --- [nio-8082-exec-9] a.u.a.l.RestControllerAspectConfig       : Error while converting -> No serializer found for class java.util.Collections$3 and no properties discovered to create BeanSerializer (to avoid exception, disable SerializationFeature.FAIL_ON_EMPTY_BEANS) (through reference chain: java.util.HashMap["request"]->org.springframework.security.web.servletapi.HttpServlet3RequestFactory$Servlet3SecurityContextHolderAwareRequestWrapper["request"]->org.springframework.security.web.header.HeaderWriterFilter$HeaderWriterRequest["request"]->org.springframework.security.web.firewall.StrictHttpFirewall$StrictFirewalledRequest["request"]->org.apache.catalina.connector.RequestFacade["attributeNames"])
2024-01-22 08:38:07.643  WARN Maryams-MacBook-Air-2.local --- [nio-8082-exec-9] ocalVariableTableParameterNameDiscoverer : Using deprecated '-debug' fallback for parameter name resolution. Compile the affected code with '-parameters' instead or avoid its introspection: az.unitech.app.controller.UserAccountController
2024-01-22 08:38:07.694  WARN Maryams-MacBook-Air-2.local --- [nio-8082-exec-9] ocalVariableTableParameterNameDiscoverer : Using deprecated '-debug' fallback for parameter name resolution. Compile the affected code with '-parameters' instead or avoid its introspection: az.unitech.app.controller.PaymentController
2024-01-22 08:38:07.708  INFO Maryams-MacBook-Air-2.local --- [nio-8082-exec-9] o.s.a.AbstractOpenApiResource            : Init duration for springdoc-openapi is: 92 ms
2024-01-22 09:08:04.644  INFO Maryams-MacBook-Air-2.local --- [ionShutdownHook] j.LocalContainerEntityManagerFactoryBean : Closing JPA EntityManagerFactory for persistence unit 'default'
2024-01-22 09:08:04.687  INFO Maryams-MacBook-Air-2.local --- [ionShutdownHook] c.z.h.HikariDataSource                   : HikariPool-1 - Shutdown initiated...
2024-01-22 09:08:04.695  INFO Maryams-MacBook-Air-2.local --- [ionShutdownHook] c.z.h.HikariDataSource                   : HikariPool-1 - Shutdown completed.
